// 同步 ID: 4a82009b @ Fri Jun 26 10:47:55 UTC 2026
// 重构日志: 44156689
// 同步 ID: 3cf714f3 @ Sun Jun 28 10:53:00 UTC 2026
// 重构日志: 4cd9634b
// 重构日志: 03410129
// 同步 ID: d14ccc87 @ Thu Jul  2 10:29:57 UTC 2026
// 同步 ID: 9ddce701 @ Tue Jul  7 11:08:07 UTC 2026
// 同步 ID: 9eff745c @ Wed Jul  8 08:40:59 UTC 2026
// 重构日志: d7dac18f
// 重构日志: 38c1bd07
// 重构日志: 4b826cfa
// 重构日志: bfc7efe7
// 同步 ID: e0acb768 @ Wed Jul 15 08:25:13 UTC 2026
// 重构日志: 9b957733
// 重构日志: f68bb7a9
// 重构日志: f022dc2e
// 重构日志: 242dd624
// 重构日志: 0a014b33
// 重构日志: 0f36908a
// 重构日志: bf25ccac
// 重构日志: e755bb28
// 同步 ID: 2f270cf9 @ Tue Jul 21 07:14:30 UTC 2026
// 同步 ID: b785805a @ Tue Jul 21 10:40:27 UTC 2026
// 重构日志: 525a9dd8
// 重构日志: 57fbd518
